{
  "RSpec": {
    "coverage": {
      "/Users/ryanfrancis/Documents/LaunchPad/fuel/lib/fuel.rb": [
        1,
        1,
        1,
        1,
        1,
        1,
        1,
        1,
        1,
        1,
        1,
        1,
        1,
        1,
        1,
        1,
        null,
        1,
        null,
        1,
        1,
        1,
        1,
        null,
        null,
        1,
        1,
        null,
        null,
        null,
        1,
        95,
        null,
        null,
        null
      ],
      "/Users/ryanfrancis/Documents/LaunchPad/fuel/lib/fuel/engine.rb": [
        1,
        1,
        null,
        null,
        1,
        1,
        1,
        1,
        1,
        1,
        3,
        null,
        null,
        null,
        null,
        null,
        null
      ],
      "/Users/ryanfrancis/Documents/LaunchPad/fuel/lib/kaminari/helpers/tag.rb": [
        1,
        1,
        1,
        null,
        1,
        0,
        0,
        0,
        null,
        0,
        null,
        null,
        null,
        null,
        null,
        null
      ],
      "/Users/ryanfrancis/Documents/LaunchPad/fuel/lib/fuel/configuration.rb": [
        1,
        1,
        null,
        null,
        1,
        null,
        null,
        1,
        1,
        1,
        1,
        1,
        1,
        1,
        1,
        1,
        1,
        null,
        null,
        null,
        null,
        1,
        null,
        null,
        null,
        null,
        1,
        1,
        1,
        1,
        1,
        1,
        1,
        1,
        null,
        null,
        null,
        null,
        null
      ],
      "/Users/ryanfrancis/Documents/LaunchPad/fuel/lib/fuel/aws.rb": [

      ],
      "/Users/ryanfrancis/Documents/LaunchPad/fuel/config/routes.rb": [
        1,
        null,
        1,
        null,
        1,
        null,
        1,
        1,
        1,
        1,
        1,
        1,
        1,
        null,
        null,
        1,
        null,
        null,
        1,
        1,
        1,
        null,
        null,
        null,
        null
      ],
      "/Users/ryanfrancis/Documents/LaunchPad/fuel/app/helpers/fuel/posts_helper.rb": [
        1,
        1,
        1,
        1,
        null,
        null,
        1,
        0,
        null,
        0,
        null,
        null,
        1,
        0,
        null,
        null,
        1,
        0,
        0,
        0,
        0,
        0,
        null,
        0,
        null,
        null,
        1,
        0,
        null,
        null,
        1,
        null,
        0,
        0,
        0,
        null,
        null,
        null,
        null
      ],
      "/Users/ryanfrancis/Documents/LaunchPad/fuel/app/models/fuel/post.rb": [
        1,
        1,
        1,
        null,
        1,
        1,
        null,
        1,
        null,
        1,
        0,
        null,
        null,
        1,
        0,
        null,
        1,
        null,
        1,
        null,
        1,
        1,
        null,
        4,
        7,
        8,
        null,
        1,
        0,
        null,
        null,
        1,
        3,
        null,
        null,
        1,
        0,
        null,
        null,
        1,
        199,
        null,
        null,
        1,
        0,
        null,
        null,
        1,
        199,
        null,
        null,
        1,
        0,
        null,
        null,
        1,
        0,
        null,
        null,
        1,
        0,
        null,
        0,
        null,
        null,
        null,
        null
      ],
      "/Users/ryanfrancis/Documents/LaunchPad/fuel/app/models/fuel/author.rb": [
        1,
        1,
        null,
        1,
        null,
        1,
        0,
        null,
        null,
        1,
        0,
        null,
        null,
        1,
        0,
        null,
        1,
        null,
        null,
        1,
        1,
        null,
        1,
        0,
        null,
        null,
        null
      ],
      "/Users/ryanfrancis/Documents/LaunchPad/fuel/app/controllers/fuel/admin/authors_controller.rb": [
        1,
        1,
        1,
        1,
        1,
        1,
        1,
        null,
        1,
        null,
        null,
        1,
        2,
        null,
        null,
        1,
        4,
        4,
        4,
        null,
        4,
        2,
        null,
        2,
        null,
        null,
        null,
        1,
        null,
        null,
        null,
        1,
        4,
        4,
        4,
        null,
        4,
        2,
        null,
        2,
        null,
        null,
        null,
        1,
        2,
        0,
        0,
        null,
        2,
        2,
        null,
        null,
        1,
        null,
        null,
        1,
        null,
        1,
        8,
        8,
        8,
        null,
        null,
        1,
        8,
        null,
        null,
        1,
        8,
        null,
        null,
        1,
        16,
        null,
        null,
        1,
        12,
        null,
        null,
        null,
        null,
        null
      ],
      "/Users/ryanfrancis/Documents/LaunchPad/fuel/app/controllers/fuel/admin/admin_controller.rb": [
        1,
        1,
        1,
        1,
        null,
        null,
        null
      ],
      "/Users/ryanfrancis/Documents/LaunchPad/fuel/app/controllers/fuel_controller.rb": [
        1,
        null,
        1,
        null,
        null,
        1,
        0,
        null,
        null,
        1,
        0,
        null,
        0,
        0,
        null,
        null,
        null
      ],
      "/Users/ryanfrancis/Documents/LaunchPad/fuel/app/controllers/fuel/admin/posts_controller.rb": [
        1,
        1,
        1,
        1,
        1,
        1,
        1,
        null,
        1,
        null,
        null,
        1,
        2,
        null,
        null,
        1,
        4,
        4,
        4,
        4,
        null,
        4,
        2,
        null,
        2,
        null,
        null,
        null,
        1,
        null,
        null,
        null,
        1,
        4,
        4,
        4,
        4,
        null,
        4,
        2,
        null,
        2,
        null,
        null,
        null,
        1,
        2,
        2,
        null,
        null,
        1,
        0,
        0,
        0,
        null,
        null,
        null,
        1,
        null,
        null,
        null,
        1,
        null,
        1,
        8,
        null,
        null,
        1,
        8,
        8,
        2,
        2,
        null,
        null,
        1,
        8,
        null,
        null,
        1,
        8,
        null,
        null,
        1,
        16,
        null,
        null,
        1,
        12,
        null,
        null,
        null,
        null,
        null
      ],
      "/Users/ryanfrancis/Documents/LaunchPad/fuel/app/controllers/fuel/posts_controller.rb": [
        1,
        1,
        1,
        1,
        1,
        null,
        1,
        6,
        null,
        null,
        1,
        3,
        3,
        3,
        null,
        null,
        1,
        3,
        3,
        3,
        3,
        null,
        null,
        1,
        0,
        0,
        0,
        null,
        null,
        null,
        1,
        0,
        0,
        null,
        null,
        1,
        null,
        1,
        3,
        null,
        null,
        null,
        null
      ]
    },
    "timestamp": 1435864036
  }
}
