{
  "RSpec": {
    "coverage": {
      "/Users/ryanfrancis/Documents/LaunchPad/fuel/lib/fuel.rb": [
        1,
        1,
        1,
        1,
        1,
        1,
        1,
        1,
        null,
        1,
        null,
        1,
        1,
        null,
        null,
        1,
        45,
        null,
        null,
        null
      ],
      "/Users/ryanfrancis/Documents/LaunchPad/fuel/lib/fuel/engine.rb": [
        1,
        1,
        1,
        null,
        null
      ],
      "/Users/ryanfrancis/Documents/LaunchPad/fuel/lib/fuel/configuration.rb": [
        1,
        1,
        null,
        null,
        1,
        null,
        1,
        1,
        1,
        1,
        1,
        1,
        1,
        1,
        1,
        null,
        null,
        null,
        null
      ],
      "/Users/ryanfrancis/Documents/LaunchPad/fuel/config/routes.rb": [
        1,
        1,
        null,
        1,
        null,
        1,
        1,
        1,
        1,
        1,
        1,
        1,
        null,
        null,
        null,
        null,
        null
      ],
      "/Users/ryanfrancis/Documents/LaunchPad/fuel/app/models/fuel/post.rb": [
        1,
        1,
        1,
        1,
        null,
        1,
        0,
        null,
        null,
        1,
        1,
        null,
        1,
        26,
        null,
        null,
        1,
        0,
        null,
        null,
        1,
        26,
        null,
        null,
        null,
        null
      ],
      "/Users/ryanfrancis/Documents/LaunchPad/fuel/app/controllers/fuel/admin/posts_controller.rb": [
        1,
        1,
        1,
        null,
        1,
        2,
        null,
        null,
        1,
        2,
        null,
        null,
        1,
        4,
        4,
        4,
        4,
        4,
        4,
        null,
        4,
        2,
        null,
        2,
        null,
        null,
        null,
        1,
        2,
        null,
        null,
        1,
        4,
        4,
        4,
        4,
        4,
        4,
        4,
        2,
        null,
        2,
        null,
        null,
        null,
        1,
        2,
        2,
        2,
        null,
        null,
        1,
        0,
        0,
        0,
        null,
        null,
        null,
        1,
        null,
        1,
        32,
        null,
        null,
        1,
        8,
        8,
        null,
        null,
        null,
        null
      ],
      "/Users/ryanfrancis/Documents/LaunchPad/fuel/app/controllers/fuel/application_controller.rb": [
        1,
        1,
        null,
        null
      ],
      "/Users/ryanfrancis/Documents/LaunchPad/fuel/app/helpers/fuel/application_helper.rb": [
        1,
        1,
        1,
        1,
        null,
        null,
        1,
        0,
        null,
        0,
        null,
        null,
        null,
        null,
        1,
        0,
        0,
        null,
        0,
        null,
        null,
        null,
        1,
        0,
        null,
        null,
        1,
        null,
        1,
        0,
        null,
        null,
        null,
        null
      ],
      "/Users/ryanfrancis/Documents/LaunchPad/fuel/app/helpers/fuel/posts_helper.rb": [
        1,
        1,
        null,
        null,
        null
      ],
      "/Users/ryanfrancis/Documents/LaunchPad/fuel/app/controllers/fuel/posts_controller.rb": [
        1,
        null,
        1,
        1,
        1,
        1,
        1,
        null,
        1,
        3,
        null,
        null,
        1,
        0,
        null,
        null,
        1,
        null,
        3,
        3,
        3,
        null,
        null,
        1,
        0,
        0,
        0,
        null,
        null,
        null,
        1,
        null,
        1,
        3,
        null,
        null,
        null
      ]
    },
    "timestamp": 1400773331
  }
}
